# JRE version: Java(TM) SE Runtime Environment (8.0_161-b12) (build 1.8.0_161-b12)
# Java VM: Java HotSpot(TM) 64-Bit Server VM (25.161-b12 mixed mode windows-amd64 compressed oops)
Heap:
 PSYoungGen      total 345600K, used 82623K [0x00000000d5d80000, 0x00000000f6380000, 0x0000000100000000)
  eden space 337920K, 22% used [0x00000000d5d80000,0x00000000da6b5960,0x00000000ea780000)
  from space 7680K, 99% used [0x00000000ea780000,0x00000000eaefa338,0x00000000eaf00000)
  to   space 11264K, 0% used [0x00000000f5880000,0x00000000f5880000,0x00000000f6380000)
 ParOldGen       total 48640K, used 14346K [0x0000000081800000, 0x0000000084780000, 0x00000000d5d80000)
  object space 48640K, 29% used [0x0000000081800000,0x0000000082602980,0x0000000084780000)
 Metaspace       used 29418K, capacity 31234K, committed 31408K, reserved 1077248K
  class space    used 3954K, capacity 4268K, committed 4272K, reserved 1048576K
GC Heap History (10 events):
Event: 7.684 GC heap before
{Heap before GC invocations=10 (full 0):
 PSYoungGen      total 137216K, used 137178K [0x00000000d5d80000, 0x00000000e3a00000, 0x0000000100000000)
  eden space 132096K, 99% used [0x00000000d5d80000,0x00000000dde7aa78,0x00000000dde80000)
  from space 5120K, 99% used [0x00000000dde80000,0x00000000de37c010,0x00000000de380000)
  to   space 7168K, 0% used [0x00000000e3300000,0x00000000e3300000,0x00000000e3a00000)
 ParOldGen       total 87552K, used 7252K [0x0000000081800000, 0x0000000086d80000, 0x00000000d5d80000)
  object space 87552K, 8% used [0x0000000081800000,0x0000000081f150a0,0x0000000086d80000)
 Metaspace       used 18896K, capacity 19762K, committed 19968K, reserved 1067008K
  class space    used 2485K, capacity 2694K, committed 2816K, reserved 1048576K
Event: 7.696 GC heap after
Heap after GC invocations=10 (full 0):
 PSYoungGen      total 218624K, used 3190K [0x00000000d5d80000, 0x00000000e3a00000, 0x0000000100000000)
  eden space 211456K, 0% used [0x00000000d5d80000,0x00000000d5d80000,0x00000000e2c00000)
  from space 7168K, 44% used [0x00000000e3300000,0x00000000e361dba8,0x00000000e3a00000)
  to   space 7168K, 0% used [0x00000000e2c00000,0x00000000e2c00000,0x00000000e3300000)
 ParOldGen       total 87552K, used 8294K [0x0000000081800000, 0x0000000086d80000, 0x00000000d5d80000)
  object space 87552K, 9% used [0x0000000081800000,0x00000000820198e0,0x0000000086d80000)
 Metaspace       used 18896K, capacity 19762K, committed 19968K, reserved 1067008K
  class space    used 2485K, capacity 2694K, committed 2816K, reserved 1048576K
}
Event: 7.894 GC heap before
{Heap before GC invocations=11 (full 0):
 PSYoungGen      total 218624K, used 214605K [0x00000000d5d80000, 0x00000000e3a00000, 0x0000000100000000)
  eden space 211456K, 99% used [0x00000000d5d80000,0x00000000e2bf5c18,0x00000000e2c00000)
  from space 7168K, 44% used [0x00000000e3300000,0x00000000e361dba8,0x00000000e3a00000)
  to   space 7168K, 0% used [0x00000000e2c00000,0x00000000e2c00000,0x00000000e3300000)
 ParOldGen       total 87552K, used 8294K [0x0000000081800000, 0x0000000086d80000, 0x00000000d5d80000)
  object space 87552K, 9% used [0x0000000081800000,0x00000000820198e0,0x0000000086d80000)
 Metaspace       used 19486K, capacity 20338K, committed 20480K, reserved 1067008K
  class space    used 2539K, capacity 2758K, committed 2816K, reserved 1048576K
Event: 7.903 GC heap after
Heap after GC invocations=11 (full 0):
 PSYoungGen      total 218624K, used 1732K [0x00000000d5d80000, 0x00000000eb600000, 0x0000000100000000)
  eden space 211456K, 0% used [0x00000000d5d80000,0x00000000d5d80000,0x00000000e2c00000)
  from space 7168K, 24% used [0x00000000e2c00000,0x00000000e2db1150,0x00000000e3300000)
  to   space 7168K, 0% used [0x00000000eaf00000,0x00000000eaf00000,0x00000000eb600000)
 ParOldGen       total 87552K, used 9729K [0x0000000081800000, 0x0000000086d80000, 0x00000000d5d80000)
  object space 87552K, 11% used [0x0000000081800000,0x0000000082180638,0x0000000086d80000)
 Metaspace       used 19486K, capacity 20338K, committed 20480K, reserved 1067008K
  class space    used 2539K, capacity 2758K, committed 2816K, reserved 1048576K
}
Event: 8.084 GC heap before
{Heap before GC invocations=12 (full 0):
 PSYoungGen      total 218624K, used 99571K [0x00000000d5d80000, 0x00000000eb600000, 0x0000000100000000)
  eden space 211456K, 46% used [0x00000000d5d80000,0x00000000dbd0bb88,0x00000000e2c00000)
  from space 7168K, 24% used [0x00000000e2c00000,0x00000000e2db1150,0x00000000e3300000)
  to   space 7168K, 0% used [0x00000000eaf00000,0x00000000eaf00000,0x00000000eb600000)
 ParOldGen       total 87552K, used 9729K [0x0000000081800000, 0x0000000086d80000, 0x00000000d5d80000)
  object space 87552K, 11% used [0x0000000081800000,0x0000000082180638,0x0000000086d80000)
 Metaspace       used 20357K, capacity 21170K, committed 21296K, reserved 1067008K
  class space    used 2605K, capacity 2822K, committed 2864K, reserved 1048576K
Event: 8.090 GC heap after
Heap after GC invocations=12 (full 0):
 PSYoungGen      total 345088K, used 1274K [0x00000000d5d80000, 0x00000000eb700000, 0x0000000100000000)
  eden space 337920K, 0% used [0x00000000d5d80000,0x00000000d5d80000,0x00000000ea780000)
  from space 7168K, 17% used [0x00000000eaf00000,0x00000000eb03e918,0x00000000eb600000)
  to   space 7680K, 0% used [0x00000000ea780000,0x00000000ea780000,0x00000000eaf00000)
 ParOldGen       total 87552K, used 9978K [0x0000000081800000, 0x0000000086d80000, 0x00000000d5d80000)
  object space 87552K, 11% used [0x0000000081800000,0x00000000821be940,0x0000000086d80000)
 Metaspace       used 20357K, capacity 21170K, committed 21296K, reserved 1067008K
  class space    used 2605K, capacity 2822K, committed 2864K, reserved 1048576K
}
Event: 8.090 GC heap before
{Heap before GC invocations=13 (full 1):
 PSYoungGen      total 345088K, used 1274K [0x00000000d5d80000, 0x00000000eb700000, 0x0000000100000000)
  eden space 337920K, 0% used [0x00000000d5d80000,0x00000000d5d80000,0x00000000ea780000)
  from space 7168K, 17% used [0x00000000eaf00000,0x00000000eb03e918,0x00000000eb600000)
  to   space 7680K, 0% used [0x00000000ea780000,0x00000000ea780000,0x00000000eaf00000)
 ParOldGen       total 87552K, used 9978K [0x0000000081800000, 0x0000000086d80000, 0x00000000d5d80000)
  object space 87552K, 11% used [0x0000000081800000,0x00000000821be940,0x0000000086d80000)
 Metaspace       used 20357K, capacity 21170K, committed 21296K, reserved 1067008K
  class space    used 2605K, capacity 2822K, committed 2864K, reserved 1048576K
Event: 8.136 GC heap after
Heap after GC invocations=13 (full 1):
 PSYoungGen      total 345088K, used 0K [0x00000000d5d80000, 0x00000000eb700000, 0x0000000100000000)
  eden space 337920K, 0% used [0x00000000d5d80000,0x00000000d5d80000,0x00000000ea780000)
  from space 7168K, 0% used [0x00000000eaf00000,0x00000000eaf00000,0x00000000eb600000)
  to   space 7680K, 0% used [0x00000000ea780000,0x00000000ea780000,0x00000000eaf00000)
 ParOldGen       total 48640K, used 7284K [0x0000000081800000, 0x0000000084780000, 0x00000000d5d80000)
  object space 48640K, 14% used [0x0000000081800000,0x0000000081f1d108,0x0000000084780000)
 Metaspace       used 20357K, capacity 21170K, committed 21296K, reserved 1067008K
  class space    used 2605K, capacity 2822K, committed 2864K, reserved 1048576K
}
Event: 12.335 GC heap before
{Heap before GC invocations=14 (full 1):
 PSYoungGen      total 345088K, used 337920K [0x00000000d5d80000, 0x00000000eb700000, 0x0000000100000000)
  eden space 337920K, 100% used [0x00000000d5d80000,0x00000000ea780000,0x00000000ea780000)
  from space 7168K, 0% used [0x00000000eaf00000,0x00000000eaf00000,0x00000000eb600000)
  to   space 7680K, 0% used [0x00000000ea780000,0x00000000ea780000,0x00000000eaf00000)
 ParOldGen       total 48640K, used 7284K [0x0000000081800000, 0x0000000084780000, 0x00000000d5d80000)
  object space 48640K, 14% used [0x0000000081800000,0x0000000081f1d108,0x0000000084780000)
 Metaspace       used 27305K, capacity 28588K, committed 28720K, reserved 1075200K
  class space    used 3618K, capacity 3885K, committed 3888K, reserved 1048576K
Event: 12.401 GC heap after
Heap after GC invocations=14 (full 1):
 PSYoungGen      total 345600K, used 7656K [0x00000000d5d80000, 0x00000000f6380000, 0x0000000100000000)
  eden space 337920K, 0% used [0x00000000d5d80000,0x00000000d5d80000,0x00000000ea780000)
  from space 7680K, 99% used [0x00000000ea780000,0x00000000eaefa338,0x00000000eaf00000)
  to   space 11264K, 0% used [0x00000000f5880000,0x00000000f5880000,0x00000000f6380000)
 ParOldGen       total 48640K, used 14346K [0x0000000081800000, 0x0000000084780000, 0x00000000d5d80000)
  object space 48640K, 29% used [0x0000000081800000,0x0000000082602980,0x0000000084780000)
 Metaspace       used 27305K, capacity 28588K, committed 28720K, reserved 1075200K
  class space    used 3618K, capacity 3885K, committed 3888K, reserved 1048576K
}

